<?xml version="1.0" encoding="UTF-8"?>
<!-- Generated by org.testng.reporters.JUnitReportReporter -->
<testsuite hostname="Anusuyas-MBP.lan" failures="0" tests="2" name="runners.testRunner" time="18.266" errors="0" timestamp="2024-08-01T15:22:51 CDT" skipped="0">
  <testcase classname="runners.testRunner" name="runScenario" time="11.318"/>
  <testcase classname="runners.testRunner" name="runScenario" time="6.948"/>
</testsuite> <!-- runners.testRunner -->
