<?xml version="1.0" encoding="UTF-8"?>
<!-- Generated by org.testng.reporters.JUnitReportReporter -->
<testsuite hostname="Anusuyas-MBP.lan" failures="0" tests="6" name="runners.testRunner" time="138.241" errors="0" timestamp="2024-08-19T11:20:59 CDT" skipped="0">
  <testcase classname="runners.testRunner" name="runScenario" time="27.933"/>
  <testcase classname="runners.testRunner" name="runScenario" time="20.433"/>
  <testcase classname="runners.testRunner" name="runScenario" time="24.377"/>
  <testcase classname="runners.testRunner" name="runScenario" time="19.762"/>
  <testcase classname="runners.testRunner" name="runScenario" time="19.663"/>
  <testcase classname="runners.testRunner" name="runScenario" time="26.073"/>
</testsuite> <!-- runners.testRunner -->
